<?xml version="1.0" encoding="UTF-8"?>
<coverage generated="1661877808247" clover="3.2.0">
  <project timestamp="1661877808247" name="All files">
    <metrics statements="3" coveredstatements="3" conditionals="2" coveredconditionals="2" methods="2" coveredmethods="2" elements="7" coveredelements="7" complexity="0" loc="3" ncloc="3" packages="1" files="1" classes="1"/>
    <file name="greet.business.ts" path="/Users/brauliodiez/lemon/svelte-workshop/07-unit-testing/src/greet.business.ts">
      <metrics statements="3" coveredstatements="3" conditionals="2" coveredconditionals="2" methods="2" coveredmethods="2"/>
      <line num="1" count="1" type="cond" truecount="1" falsecount="0"/>
      <line num="2" count="1" type="stmt"/>
      <line num="3" count="1" type="cond" truecount="1" falsecount="0"/>
    </file>
  </project>
</coverage>
